<?xml version="1.0" encoding="UTF-8"?>
<testng-results ignored="0" total="1" passed="1" failed="0" skipped="0">
  <reporter-output>
  </reporter-output>
  <suite started-at="2020-09-12T13:55:49Z" name="Default suite" finished-at="2020-09-12T13:55:49Z" duration-ms="92">
    <groups>
    </groups>
    <test started-at="2020-09-12T13:55:49Z" name="Default test" finished-at="2020-09-12T13:55:49Z" duration-ms="92">
      <class name="Prueba.revision.AppTest">
        <test-method signature="shouldAnswerWithTrue()[pri:0, instance:Prueba.revision.AppTest@23c30a20]" started-at="2020-09-12T08:55:49Z" name="shouldAnswerWithTrue" finished-at="2020-09-12T08:55:49Z" duration-ms="35" status="PASS">
          <reporter-output>
          </reporter-output>
        </test-method> <!-- shouldAnswerWithTrue -->
      </class> <!-- Prueba.revision.AppTest -->
    </test> <!-- Default test -->
  </suite> <!-- Default suite -->
</testng-results>
